2021-11-08 16:15:51,417 [INFO] Activator:177 - 


2021-11-08 16:15:51,419 [INFO] Activator:178 - !SESSION log4j initialized
2021-11-08 16:20:30,212 [INFO] Activator:177 - 


2021-11-08 16:20:30,214 [INFO] Activator:178 - !SESSION log4j initialized
2021-11-08 16:26:41,970 [INFO] McuFinderGlobals:39 - Set McuFinder mode to 2 (CubeIDE integrated)
2021-11-08 16:26:43,738 [INFO] ApplicationProperties:181 - Using Application install path: C:\ST\STM32CubeIDE_1.7.0\STM32CubeIDE\plugins\com.st.stm32cube.common.mx_6.3.0.202107141111
2021-11-08 16:26:43,802 [INFO] DbMcusXml:74 - Set database path to: C:\ST\STM32CubeIDE_1.7.0\STM32CubeIDE\plugins\com.st.stm32cube.common.mx_6.3.0.202107141111\\db\/mcu/
2021-11-08 16:26:43,808 [INFO] DbBoardsPdsc:56 - Set plugin database path to: C:\ST\STM32CubeIDE_1.7.0\STM32CubeIDE\plugins\com.st.stm32cube.common.mx_6.3.0.202107141111\\db\/plugins/boardmanager/
2021-11-08 16:26:43,808 [INFO] DbMcus:258 - Set plugin images path to: C:\ST\STM32CubeIDE_1.7.0\STM32CubeIDE\plugins\com.st.stm32cube.common.mx_6.3.0.202107141111\\db\/plugins/mcufinder/images/
2021-11-08 16:26:43,808 [INFO] DbBoards:264 - Set plugin images path to: C:\ST\STM32CubeIDE_1.7.0\STM32CubeIDE\plugins\com.st.stm32cube.common.mx_6.3.0.202107141111\\db\/plugins/mcufinder/images/
2021-11-08 16:26:43,812 [INFO] DbExamples:333 - Set plugin images path to: C:\ST\STM32CubeIDE_1.7.0\STM32CubeIDE\plugins\com.st.stm32cube.common.mx_6.3.0.202107141111\\db\/plugins/mcufinder/images/
2021-11-08 16:26:43,967 [INFO] DbMcusAds:119 - Set database path to: C:\Users\VIN\.stmcufinder\plugins\mcufinder//mcu/
2021-11-08 16:26:43,970 [INFO] DbMcusDocs:110 - Set database path to: C:\Users\VIN\.stmcufinder\plugins\mcufinder//mcu/
2021-11-08 16:26:43,972 [INFO] DbMcusJson:64 - Set database path to: C:\Users\VIN\.stmcufinder\plugins\mcufinder//mcu/
2021-11-08 16:26:43,974 [INFO] DbBoardsDocs:110 - Set database path to: C:\Users\VIN\.stmcufinder\plugins\mcufinder//mcu/
2021-11-08 16:26:43,976 [INFO] DbBoardsJson:57 - Set database path to: C:\Users\VIN\.stmcufinder\plugins\mcufinder//mcu/
2021-11-08 16:26:44,194 [INFO] CrossReferenceDbSqlite:196 - Set database path to: C:\Users\VIN\.stmcufinder\plugins\mcufinder//mcu/cs/
2021-11-08 16:26:44,199 [INFO] DbExamplesSqlite:767 - Set database path to: C:\Users\VIN\.stmcufinder\plugins\mcufinder//mcu/
2021-11-08 16:26:44,576 [INFO] RulesReader:57 - Compatibility file has been processed (242 Rules)
2021-11-08 16:26:44,984 [INFO] DbMcusXml:74 - Set database path to: C:\ST\STM32CubeIDE_1.7.0\STM32CubeIDE\plugins\com.st.stm32cube.common.mx_6.3.0.202107141111\\db\/mcu/
2021-11-08 16:26:44,985 [INFO] DbBoardsPdsc:56 - Set plugin database path to: C:\ST\STM32CubeIDE_1.7.0\STM32CubeIDE\plugins\com.st.stm32cube.common.mx_6.3.0.202107141111\\db\/plugins/boardmanager/
2021-11-08 16:26:44,986 [INFO] DbMcus:258 - Set plugin images path to: C:\ST\STM32CubeIDE_1.7.0\STM32CubeIDE\plugins\com.st.stm32cube.common.mx_6.3.0.202107141111\\db\/plugins/mcufinder/images/
2021-11-08 16:26:44,986 [INFO] DbBoards:264 - Set plugin images path to: C:\ST\STM32CubeIDE_1.7.0\STM32CubeIDE\plugins\com.st.stm32cube.common.mx_6.3.0.202107141111\\db\/plugins/mcufinder/images/
2021-11-08 16:26:44,986 [INFO] DbExamples:333 - Set plugin images path to: C:\ST\STM32CubeIDE_1.7.0\STM32CubeIDE\plugins\com.st.stm32cube.common.mx_6.3.0.202107141111\\db\/plugins/mcufinder/images/
2021-11-08 16:26:44,986 [WARN] DbFile:35 - Overriding database path with different value: C:\Users\VIN\.stmcufinder\plugins\mcufinder/ => C:\Users\VIN\.stmcufinder\plugins\mcufinder
2021-11-08 16:26:44,986 [INFO] DbMcusAds:119 - Set database path to: C:\Users\VIN\.stmcufinder\plugins\mcufinder//mcu/
2021-11-08 16:26:44,986 [WARN] DbFile:35 - Overriding database path with different value: C:\Users\VIN\.stmcufinder\plugins\mcufinder/ => C:\Users\VIN\.stmcufinder\plugins\mcufinder
2021-11-08 16:26:44,987 [INFO] DbMcusDocs:110 - Set database path to: C:\Users\VIN\.stmcufinder\plugins\mcufinder//mcu/
2021-11-08 16:26:44,987 [WARN] DbFile:35 - Overriding database path with different value: C:\Users\VIN\.stmcufinder\plugins\mcufinder/ => C:\Users\VIN\.stmcufinder\plugins\mcufinder
2021-11-08 16:26:44,987 [INFO] DbMcusJson:64 - Set database path to: C:\Users\VIN\.stmcufinder\plugins\mcufinder//mcu/
2021-11-08 16:26:44,987 [WARN] DbFile:35 - Overriding database path with different value: C:\Users\VIN\.stmcufinder\plugins\mcufinder/ => C:\Users\VIN\.stmcufinder\plugins\mcufinder
2021-11-08 16:26:44,987 [INFO] DbBoardsDocs:110 - Set database path to: C:\Users\VIN\.stmcufinder\plugins\mcufinder//mcu/
2021-11-08 16:26:44,987 [WARN] DbFile:35 - Overriding database path with different value: C:\Users\VIN\.stmcufinder\plugins\mcufinder/ => C:\Users\VIN\.stmcufinder\plugins\mcufinder
2021-11-08 16:26:44,988 [INFO] DbBoardsJson:57 - Set database path to: C:\Users\VIN\.stmcufinder\plugins\mcufinder//mcu/
2021-11-08 16:26:44,988 [WARN] DbFile:35 - Overriding database path with different value: C:\Users\VIN\.stmcufinder\plugins\mcufinder/ => C:\Users\VIN\.stmcufinder\plugins\mcufinder
2021-11-08 16:26:44,988 [WARN] DbFile:35 - Overriding database path with different value: C:\Users\VIN\.stmcufinder\plugins\mcufinder/ => C:\Users\VIN\.stmcufinder\plugins\mcufinder
2021-11-08 16:26:44,988 [INFO] CrossReferenceDbSqlite:196 - Set database path to: C:\Users\VIN\.stmcufinder\plugins\mcufinder//mcu/cs/
2021-11-08 16:26:44,988 [WARN] DbFile:35 - Overriding database path with different value: C:\Users\VIN\.stmcufinder\plugins\mcufinder/ => C:\Users\VIN\.stmcufinder\plugins\mcufinder
2021-11-08 16:26:44,988 [INFO] DbExamplesSqlite:767 - Set database path to: C:\Users\VIN\.stmcufinder\plugins\mcufinder//mcu/
2021-11-08 16:26:45,527 [INFO] MainPanel:214 - HeapMemory: 401604608
2021-11-08 16:26:46,149 [INFO] DbMcusXml:74 - Set database path to: C:\ST\STM32CubeIDE_1.7.0\STM32CubeIDE\plugins\com.st.stm32cube.common.mx_6.3.0.202107141111\\db\/mcu/
2021-11-08 16:26:46,149 [INFO] DbBoardsPdsc:56 - Set plugin database path to: C:\ST\STM32CubeIDE_1.7.0\STM32CubeIDE\plugins\com.st.stm32cube.common.mx_6.3.0.202107141111\\db\/plugins/boardmanager/
2021-11-08 16:26:46,150 [INFO] DbMcus:258 - Set plugin images path to: C:\ST\STM32CubeIDE_1.7.0\STM32CubeIDE\plugins\com.st.stm32cube.common.mx_6.3.0.202107141111\\db\/plugins/mcufinder/images/
2021-11-08 16:26:46,150 [INFO] DbBoards:264 - Set plugin images path to: C:\ST\STM32CubeIDE_1.7.0\STM32CubeIDE\plugins\com.st.stm32cube.common.mx_6.3.0.202107141111\\db\/plugins/mcufinder/images/
2021-11-08 16:26:46,150 [INFO] DbExamples:333 - Set plugin images path to: C:\ST\STM32CubeIDE_1.7.0\STM32CubeIDE\plugins\com.st.stm32cube.common.mx_6.3.0.202107141111\\db\/plugins/mcufinder/images/
2021-11-08 16:26:46,178 [WARN] DbFile:35 - Overriding database path with different value: C:\Users\VIN\.stmcufinder\plugins\mcufinder/ => C:\Users\VIN\.stmcufinder\plugins\mcufinder
2021-11-08 16:26:46,178 [INFO] DbMcusAds:119 - Set database path to: C:\Users\VIN\.stmcufinder\plugins\mcufinder//mcu/
2021-11-08 16:26:46,178 [WARN] DbFile:35 - Overriding database path with different value: C:\Users\VIN\.stmcufinder\plugins\mcufinder/ => C:\Users\VIN\.stmcufinder\plugins\mcufinder
2021-11-08 16:26:46,178 [INFO] DbMcusDocs:110 - Set database path to: C:\Users\VIN\.stmcufinder\plugins\mcufinder//mcu/
2021-11-08 16:26:46,178 [WARN] DbFile:35 - Overriding database path with different value: C:\Users\VIN\.stmcufinder\plugins\mcufinder/ => C:\Users\VIN\.stmcufinder\plugins\mcufinder
2021-11-08 16:26:46,179 [INFO] DbMcusJson:64 - Set database path to: C:\Users\VIN\.stmcufinder\plugins\mcufinder//mcu/
2021-11-08 16:26:46,179 [WARN] DbFile:35 - Overriding database path with different value: C:\Users\VIN\.stmcufinder\plugins\mcufinder/ => C:\Users\VIN\.stmcufinder\plugins\mcufinder
2021-11-08 16:26:46,179 [INFO] DbBoardsDocs:110 - Set database path to: C:\Users\VIN\.stmcufinder\plugins\mcufinder//mcu/
2021-11-08 16:26:46,179 [WARN] DbFile:35 - Overriding database path with different value: C:\Users\VIN\.stmcufinder\plugins\mcufinder/ => C:\Users\VIN\.stmcufinder\plugins\mcufinder
2021-11-08 16:26:46,179 [INFO] DbBoardsJson:57 - Set database path to: C:\Users\VIN\.stmcufinder\plugins\mcufinder//mcu/
2021-11-08 16:26:46,179 [WARN] DbFile:35 - Overriding database path with different value: C:\Users\VIN\.stmcufinder\plugins\mcufinder/ => C:\Users\VIN\.stmcufinder\plugins\mcufinder
2021-11-08 16:26:46,179 [WARN] DbFile:35 - Overriding database path with different value: C:\Users\VIN\.stmcufinder\plugins\mcufinder/ => C:\Users\VIN\.stmcufinder\plugins\mcufinder
2021-11-08 16:26:46,179 [INFO] CrossReferenceDbSqlite:196 - Set database path to: C:\Users\VIN\.stmcufinder\plugins\mcufinder//mcu/cs/
2021-11-08 16:26:46,180 [WARN] DbFile:35 - Overriding database path with different value: C:\Users\VIN\.stmcufinder\plugins\mcufinder/ => C:\Users\VIN\.stmcufinder\plugins\mcufinder
2021-11-08 16:26:46,180 [INFO] DbExamplesSqlite:767 - Set database path to: C:\Users\VIN\.stmcufinder\plugins\mcufinder//mcu/
2021-11-08 16:26:46,291 [INFO] ApplicationProperties:181 - Using Application install path: C:\ST\STM32CubeIDE_1.7.0\STM32CubeIDE\plugins\com.st.stm32cube.common.mx_6.3.0.202107141111
2021-11-08 16:26:46,293 [INFO] PluginManage:188 - Search for loadable plugins [exclusion list=, ]
2021-11-08 16:26:46,328 [INFO] PluginManage:302 - Check plugin analytics
2021-11-08 16:26:46,690 [INFO] AnalyticsPlugin:257 - Accepted Software Licenses: 
2021-11-08 16:26:46,691 [INFO] AnalyticsPlugin:259 - Accepted CMSIS Pack Licenses: 
2021-11-08 16:26:46,691 [INFO] AnalyticsPlugin:261 - Accepted Firmware Licenses: 
2021-11-08 16:26:46,692 [INFO] PluginManage:352 - Loaded plugin analytics (category:tool,tabindex:-1)
2021-11-08 16:26:46,692 [INFO] PluginManage:302 - Check plugin clock
2021-11-08 16:26:46,762 [INFO] PluginManage:352 - Loaded plugin clock (category:base,tabindex:2)
2021-11-08 16:26:46,762 [INFO] PluginManage:302 - Check plugin ddr
2021-11-08 16:26:46,794 [INFO] PluginManage:352 - Loaded plugin ddr (category:tool,tabindex:6)
2021-11-08 16:26:46,794 [INFO] PluginManage:302 - Check plugin filemanager
2021-11-08 16:26:47,169 [INFO] PluginManage:352 - Loaded plugin filemanager (category:base,tabindex:10)
2021-11-08 16:26:47,169 [INFO] PluginManage:302 - Check plugin ipmanager
2021-11-08 16:26:47,207 [INFO] PluginManage:352 - Loaded plugin ipmanager (category:base,tabindex:5)
2021-11-08 16:26:47,207 [INFO] PluginManage:302 - Check plugin pinoutandconfiguration
2021-11-08 16:26:47,268 [INFO] PluginManage:352 - Loaded plugin pinoutandconfiguration (category:base,tabindex:1)
2021-11-08 16:26:47,269 [INFO] PluginManage:302 - Check plugin pinoutconfig
2021-11-08 16:26:47,422 [INFO] PluginManage:352 - Loaded plugin pinoutconfig (category:base,tabindex:0)
2021-11-08 16:26:47,423 [INFO] PluginManage:302 - Check plugin power
2021-11-08 16:26:47,535 [INFO] PluginManage:352 - Loaded plugin power (category:power,tabindex:4)
2021-11-08 16:26:47,536 [INFO] PluginManage:302 - Check plugin projectmanager
2021-11-08 16:26:47,586 [INFO] PluginManage:352 - Loaded plugin projectmanager (category:projectmanager,tabindex:3)
2021-11-08 16:26:47,586 [INFO] PluginManage:302 - Check plugin thirdparty
2021-11-08 16:26:48,411 [WARN] IntegrityCheckThread:78 - waiting for thirdparty lock release [integrity check]
2021-11-08 16:26:48,411 [INFO] IntegrityCheckThread:80 - entering critical section [integrity check]
2021-11-08 16:26:48,411 [INFO] PluginManage:352 - Loaded plugin thirdparty (category:base,tabindex:-1)
2021-11-08 16:26:48,412 [INFO] ThirdPartyUpdaterWithRetryManager:66 - Updater plugin not ready yet. [1/15]
2021-11-08 16:26:48,412 [INFO] PluginManage:302 - Check plugin tools
2021-11-08 16:26:48,514 [INFO] PluginManage:352 - Loaded plugin tools (category:base,tabindex:7)
2021-11-08 16:26:48,515 [INFO] PluginManage:302 - Check plugin tutovideos
2021-11-08 16:26:48,964 [INFO] PluginManage:352 - Loaded plugin tutovideos (category:base,tabindex:-1)
2021-11-08 16:26:48,964 [INFO] PluginManage:302 - Check plugin updater
2021-11-08 16:26:49,005 [INFO] PluginManage:352 - Loaded plugin updater (category:base,tabindex:12)
2021-11-08 16:26:49,006 [INFO] PluginManage:275 - PluginManage : Loaded plugins [13]
2021-11-08 16:26:49,987 [INFO] PinOutPanel:1463 - setPackage(No Configuration,No Configuration)
2021-11-08 16:26:50,377 [INFO] IPUIPlugin:74 - create IPUIPlugin
2021-11-08 16:26:50,377 [INFO] PluginManager:213 - loadIPPluginJar : add adc
2021-11-08 16:26:50,455 [INFO] IPUIPlugin:74 - create IPUIPlugin
2021-11-08 16:26:50,456 [INFO] PluginManager:213 - loadIPPluginJar : add aes
2021-11-08 16:26:50,528 [INFO] IPUIPlugin:74 - create IPUIPlugin
2021-11-08 16:26:50,528 [INFO] PluginManager:213 - loadIPPluginJar : add can
2021-11-08 16:26:50,577 [INFO] IPUIPlugin:74 - create IPUIPlugin
2021-11-08 16:26:50,577 [INFO] PluginManager:213 - loadIPPluginJar : add comp
2021-11-08 16:26:50,678 [INFO] IPUIPlugin:74 - create IPUIPlugin
2021-11-08 16:26:50,678 [INFO] PluginManager:213 - loadIPPluginJar : add cryp
2021-11-08 16:26:50,734 [INFO] IPUIPlugin:74 - create IPUIPlugin
2021-11-08 16:26:50,735 [INFO] PluginManager:213 - loadIPPluginJar : add dfsdm
2021-11-08 16:26:50,767 [INFO] IPUIPlugin:74 - create IPUIPlugin
2021-11-08 16:26:50,768 [INFO] PluginManager:213 - loadIPPluginJar : add dma
2021-11-08 16:26:50,857 [INFO] IPUIPlugin:74 - create IPUIPlugin
2021-11-08 16:26:50,857 [INFO] PluginManager:213 - loadIPPluginJar : add dma3
2021-11-08 16:26:50,929 [INFO] IPUIPlugin:74 - create IPUIPlugin
2021-11-08 16:26:50,929 [INFO] PluginManager:213 - loadIPPluginJar : add fatfs
2021-11-08 16:26:51,013 [INFO] IPUIPlugin:74 - create IPUIPlugin
2021-11-08 16:26:51,013 [INFO] PluginManager:213 - loadIPPluginJar : add fmc
2021-11-08 16:26:51,053 [INFO] IPUIPlugin:74 - create IPUIPlugin
2021-11-08 16:26:51,054 [INFO] PluginManager:213 - loadIPPluginJar : add freertos
2021-11-08 16:26:51,097 [INFO] IPUIPlugin:74 - create IPUIPlugin
2021-11-08 16:26:51,097 [INFO] PluginManager:213 - loadIPPluginJar : add genericplugin
2021-11-08 16:26:51,259 [INFO] IPUIPlugin:74 - create IPUIPlugin
2021-11-08 16:26:51,260 [INFO] PluginManager:213 - loadIPPluginJar : add gfxmmu
2021-11-08 16:26:51,426 [INFO] ThirdPartyUpdaterWithRetryManager:66 - Updater plugin not ready yet. [2/15]
2021-11-08 16:26:51,466 [INFO] IPUIPlugin:74 - create IPUIPlugin
2021-11-08 16:26:51,466 [INFO] PluginManager:213 - loadIPPluginJar : add gic
2021-11-08 16:26:51,527 [INFO] IPUIPlugin:74 - create IPUIPlugin
2021-11-08 16:26:51,527 [INFO] PluginManager:213 - loadIPPluginJar : add gpio
2021-11-08 16:26:51,654 [INFO] IPUIPlugin:74 - create IPUIPlugin
2021-11-08 16:26:51,655 [INFO] PluginManager:213 - loadIPPluginJar : add gtzc
2021-11-08 16:26:51,743 [INFO] IPUIPlugin:74 - create IPUIPlugin
2021-11-08 16:26:51,743 [INFO] PluginManager:213 - loadIPPluginJar : add hash
2021-11-08 16:26:51,848 [INFO] IPUIPlugin:74 - create IPUIPlugin
2021-11-08 16:26:51,848 [INFO] PluginManager:213 - loadIPPluginJar : add i2c
2021-11-08 16:26:51,947 [INFO] IPUIPlugin:74 - create IPUIPlugin
2021-11-08 16:26:51,947 [INFO] PluginManager:213 - loadIPPluginJar : add i2s
2021-11-08 16:26:51,989 [INFO] IPUIPlugin:74 - create IPUIPlugin
2021-11-08 16:26:51,989 [INFO] PluginManager:213 - loadIPPluginJar : add ipddr
2021-11-08 16:26:52,139 [INFO] IPUIPlugin:74 - create IPUIPlugin
2021-11-08 16:26:52,139 [INFO] PluginManager:213 - loadIPPluginJar : add linkedlist
2021-11-08 16:26:52,202 [INFO] IPUIPlugin:74 - create IPUIPlugin
2021-11-08 16:26:52,203 [INFO] PluginManager:213 - loadIPPluginJar : add lorawan
2021-11-08 16:26:52,263 [INFO] IPUIPlugin:74 - create IPUIPlugin
2021-11-08 16:26:52,263 [INFO] PluginManager:213 - loadIPPluginJar : add ltdc
2021-11-08 16:26:52,292 [INFO] IPUIPlugin:74 - create IPUIPlugin
2021-11-08 16:26:52,292 [INFO] PluginManager:213 - loadIPPluginJar : add mdma
2021-11-08 16:26:52,322 [INFO] IPUIPlugin:74 - create IPUIPlugin
2021-11-08 16:26:52,322 [INFO] PluginManager:213 - loadIPPluginJar : add nvic
2021-11-08 16:26:52,370 [INFO] IPUIPlugin:74 - create IPUIPlugin
2021-11-08 16:26:52,370 [INFO] PluginManager:213 - loadIPPluginJar : add opamp
2021-11-08 16:26:52,463 [INFO] IPUIPlugin:74 - create IPUIPlugin
2021-11-08 16:26:52,463 [INFO] PluginManager:213 - loadIPPluginJar : add openamp
2021-11-08 16:26:52,543 [INFO] IPUIPlugin:74 - create IPUIPlugin
2021-11-08 16:26:52,544 [INFO] PluginManager:213 - loadIPPluginJar : add pdm2pcm
2021-11-08 16:26:52,578 [INFO] IPUIPlugin:74 - create IPUIPlugin
2021-11-08 16:26:52,584 [INFO] PluginManager:213 - loadIPPluginJar : add plateformsettings
2021-11-08 16:26:52,626 [INFO] IPUIPlugin:74 - create IPUIPlugin
2021-11-08 16:26:52,626 [INFO] PluginManager:213 - loadIPPluginJar : add quadspi
2021-11-08 16:26:52,654 [INFO] IPUIPlugin:74 - create IPUIPlugin
2021-11-08 16:26:52,655 [INFO] PluginManager:213 - loadIPPluginJar : add resmgrutility
2021-11-08 16:26:52,734 [INFO] IPUIPlugin:74 - create IPUIPlugin
2021-11-08 16:26:52,734 [INFO] PluginManager:213 - loadIPPluginJar : add sai
2021-11-08 16:26:52,796 [INFO] IPUIPlugin:74 - create IPUIPlugin
2021-11-08 16:26:52,796 [INFO] PluginManager:213 - loadIPPluginJar : add spi
2021-11-08 16:26:52,880 [INFO] IPUIPlugin:74 - create IPUIPlugin
2021-11-08 16:26:52,880 [INFO] PluginManager:213 - loadIPPluginJar : add stm32_wpan
2021-11-08 16:26:52,930 [INFO] IPUIPlugin:74 - create IPUIPlugin
2021-11-08 16:26:52,930 [INFO] PluginManager:213 - loadIPPluginJar : add tim
2021-11-08 16:26:53,026 [INFO] IPUIPlugin:74 - create IPUIPlugin
2021-11-08 16:26:53,027 [INFO] PluginManager:213 - loadIPPluginJar : add touchsensing
2021-11-08 16:26:53,093 [INFO] IPUIPlugin:74 - create IPUIPlugin
2021-11-08 16:26:53,093 [INFO] PluginManager:213 - loadIPPluginJar : add tracer_emb
2021-11-08 16:26:53,129 [INFO] IPUIPlugin:74 - create IPUIPlugin
2021-11-08 16:26:53,129 [INFO] PluginManager:213 - loadIPPluginJar : add ts
2021-11-08 16:26:53,183 [INFO] IPUIPlugin:74 - create IPUIPlugin
2021-11-08 16:26:53,183 [INFO] PluginManager:213 - loadIPPluginJar : add tsc
2021-11-08 16:26:53,235 [INFO] IPUIPlugin:74 - create IPUIPlugin
2021-11-08 16:26:53,236 [INFO] PluginManager:213 - loadIPPluginJar : add ucpd
2021-11-08 16:26:53,332 [INFO] IPUIPlugin:74 - create IPUIPlugin
2021-11-08 16:26:53,333 [INFO] PluginManager:213 - loadIPPluginJar : add usart
2021-11-08 16:26:53,399 [INFO] IPUIPlugin:74 - create IPUIPlugin
2021-11-08 16:26:53,400 [INFO] PluginManager:213 - loadIPPluginJar : add usbx
2021-11-08 16:26:54,179 [FATAL] Updater:294 - Updater called before beeing initialized
2021-11-08 16:26:54,426 [FATAL] Updater:294 - Updater called before beeing initialized
2021-11-08 16:26:54,433 [INFO] ThirdPartyUpdaterWithRetryManager:66 - Updater plugin not ready yet. [3/15]
2021-11-08 16:26:54,508 [INFO] DbMcusAds:47 - JSON generation date=Thu Sep 30 01:55:10 COT 2021 (1632984910476)
2021-11-08 16:26:54,508 [FATAL] Updater:294 - Updater called before beeing initialized
2021-11-08 16:26:54,773 [WARN] DetailPanel:314 - Failed to get advertising image, set to default
2021-11-08 16:26:54,940 [FATAL] Updater:294 - Updater called before beeing initialized
2021-11-08 16:26:54,964 [FATAL] Updater:294 - Updater called before beeing initialized
2021-11-08 16:26:54,964 [FATAL] Updater:294 - Updater called before beeing initialized
2021-11-08 16:26:54,964 [WARN] DetailPanel:314 - Failed to get advertising image, set to default
2021-11-08 16:26:54,966 [FATAL] Updater:294 - Updater called before beeing initialized
2021-11-08 16:26:55,103 [ERROR] Updater:1075 - MainUpdater not yet initialized. External WinMGr cannot be set.
2021-11-08 16:26:55,150 [INFO] Updater:1012 - Updater Version found : 6.3.0
2021-11-08 16:26:55,206 [INFO] ApplicationProperties:181 - Using Application install path: C:\ST\STM32CubeIDE_1.7.0\STM32CubeIDE\plugins\com.st.stm32cube.common.mx_6.3.0.202107141111
2021-11-08 16:26:56,413 [INFO] MainUpdater:2671 - connection check result : 10
2021-11-08 16:26:56,413 [INFO] MainUpdater:3359 - Updater definition file requires update
2021-11-08 16:26:56,415 [INFO] MainUpdater:265 - Updater Check For Update Now.
2021-11-08 16:26:56,415 [INFO] MicroXplorer:478 - Change Database Version : DB.6.0.30
2021-11-08 16:26:56,584 [INFO] ServerAccessManage:362 - Download File updaters.zip
2021-11-08 16:26:56,841 [INFO] FileExtend:235 - Unzip File : updaters.zip
2021-11-08 16:26:56,841 [INFO] FileExtend:250 - Standard Zip Deflate
2021-11-08 16:26:57,447 [WARN] MainUpdater:1122 - Updater busy. Cannot search thirdparties
2021-11-08 16:26:57,448 [INFO] ThirdPartyUpdaterWithRetryManager:92 - Updater plugin is busy. [1/15]
2021-11-08 16:26:57,951 [INFO] ServerAccessManage:362 - Download File PacksControlFlags.xml
2021-11-08 16:26:58,202 [INFO] ServerAccessManage:362 - Download File cubemx.pidx
2021-11-08 16:26:59,135 [INFO] ServerAccessManage:362 - Download File STMicroelectronics.X-CUBE-BLE1.pdsc
2021-11-08 16:26:59,971 [ERROR] ServerAccessManage:974 - Problem, file not found on Server
2021-11-08 16:27:00,450 [WARN] MainUpdater:1122 - Updater busy. Cannot search thirdparties
2021-11-08 16:27:00,450 [INFO] ThirdPartyUpdaterWithRetryManager:92 - Updater plugin is busy. [2/15]
2021-11-08 16:27:01,136 [WARN] PackLoader:238 - Cannot read IP mode file for STMicroelectronics.X-CUBE-BLE1.6.2.2
2021-11-08 16:27:01,139 [INFO] PopulateThirdPartyThread:60 - Ending populate Thread
2021-11-08 16:27:01,141 [INFO] ThirdParty:967 - CMSIS Pack Vendor :STMicroelectronics X-CUBE-BLE1 6.2.2
2021-11-08 16:27:01,141 [INFO] LoadServerUpdatesThread:339 - End of LoadServerUpdate Thread
2021-11-08 16:27:01,211 [INFO] CheckServerUpdateThread:112 - End of CheckServer Thread
2021-11-08 16:27:01,302 [INFO] MainUpdater:2671 - connection check result : 10
2021-11-08 16:27:01,361 [INFO] McuFinderGlobals:52 - Set McuFinderConnectedMode to true
2021-11-08 16:27:01,722 [INFO] ServerAccessManage:362 - Download File mcusAds.json._tmp_
2021-11-08 16:27:01,858 [INFO] LoadUrlFilesThread:145 - End of LoadUrlFiles Thread
2021-11-08 16:27:02,588 [INFO] ServerAccessManage:362 - Download File mcusDocs.json._tmp_
2021-11-08 16:27:03,206 [INFO] LoadUrlFilesThread:145 - End of LoadUrlFiles Thread
2021-11-08 16:27:03,426 [INFO] ServerAccessManage:362 - Download File mcusFeaturesAndDescription.json._tmp_
2021-11-08 16:27:03,458 [WARN] MainUpdater:1122 - Updater busy. Cannot search thirdparties
2021-11-08 16:27:03,458 [INFO] ThirdPartyUpdaterWithRetryManager:92 - Updater plugin is busy. [3/15]
2021-11-08 16:27:06,468 [WARN] MainUpdater:1122 - Updater busy. Cannot search thirdparties
2021-11-08 16:27:06,468 [INFO] ThirdPartyUpdaterWithRetryManager:92 - Updater plugin is busy. [4/15]
2021-11-08 16:27:09,471 [WARN] MainUpdater:1122 - Updater busy. Cannot search thirdparties
2021-11-08 16:27:09,471 [INFO] ThirdPartyUpdaterWithRetryManager:92 - Updater plugin is busy. [5/15]
2021-11-08 16:27:12,476 [WARN] MainUpdater:1122 - Updater busy. Cannot search thirdparties
2021-11-08 16:27:12,476 [INFO] ThirdPartyUpdaterWithRetryManager:92 - Updater plugin is busy. [6/15]
2021-11-08 16:27:12,684 [INFO] LoadUrlFilesThread:145 - End of LoadUrlFiles Thread
2021-11-08 16:27:12,870 [INFO] ServerAccessManage:362 - Download File boardsDocs.json._tmp_
2021-11-08 16:27:13,032 [INFO] LoadUrlFilesThread:145 - End of LoadUrlFiles Thread
2021-11-08 16:27:13,212 [INFO] ServerAccessManage:362 - Download File boards.json._tmp_
2021-11-08 16:27:13,844 [INFO] LoadUrlFilesThread:145 - End of LoadUrlFiles Thread
2021-11-08 16:27:15,437 [INFO] ServerAccessManage:362 - Download File cube-finder-db.zip
2021-11-08 16:27:15,477 [WARN] MainUpdater:1122 - Updater busy. Cannot search thirdparties
2021-11-08 16:27:15,477 [INFO] ThirdPartyUpdaterWithRetryManager:92 - Updater plugin is busy. [7/15]
2021-11-08 16:27:18,487 [WARN] MainUpdater:1122 - Updater busy. Cannot search thirdparties
2021-11-08 16:27:18,487 [INFO] ThirdPartyUpdaterWithRetryManager:92 - Updater plugin is busy. [8/15]
2021-11-08 16:27:21,493 [WARN] MainUpdater:1122 - Updater busy. Cannot search thirdparties
2021-11-08 16:27:21,493 [INFO] ThirdPartyUpdaterWithRetryManager:92 - Updater plugin is busy. [9/15]
2021-11-08 16:27:24,501 [WARN] MainUpdater:1122 - Updater busy. Cannot search thirdparties
2021-11-08 16:27:24,501 [INFO] ThirdPartyUpdaterWithRetryManager:92 - Updater plugin is busy. [10/15]
2021-11-08 16:27:27,515 [WARN] MainUpdater:1122 - Updater busy. Cannot search thirdparties
2021-11-08 16:27:27,515 [INFO] ThirdPartyUpdaterWithRetryManager:92 - Updater plugin is busy. [11/15]
2021-11-08 16:27:30,516 [WARN] MainUpdater:1122 - Updater busy. Cannot search thirdparties
2021-11-08 16:27:30,516 [INFO] ThirdPartyUpdaterWithRetryManager:92 - Updater plugin is busy. [12/15]
2021-11-08 16:27:33,523 [WARN] MainUpdater:1122 - Updater busy. Cannot search thirdparties
2021-11-08 16:27:33,523 [INFO] ThirdPartyUpdaterWithRetryManager:92 - Updater plugin is busy. [13/15]
2021-11-08 16:27:36,537 [WARN] MainUpdater:1122 - Updater busy. Cannot search thirdparties
2021-11-08 16:27:36,537 [INFO] ThirdPartyUpdaterWithRetryManager:92 - Updater plugin is busy. [14/15]
2021-11-08 16:27:39,546 [WARN] MainUpdater:1122 - Updater busy. Cannot search thirdparties
2021-11-08 16:27:39,546 [INFO] ThirdPartyUpdaterWithRetryManager:92 - Updater plugin is busy. [15/15]
2021-11-08 16:27:39,546 [ERROR] IntegrityCheckThread:124 - Cannot retrieve database content from updater: error -1
2021-11-08 16:27:39,546 [INFO] ThirdParty:915 - Integrity check success = false
2021-11-08 16:27:39,547 [INFO] IntegrityCheckThread:94 - exiting critical section [integrity check]
2021-11-08 16:27:39,547 [INFO] IntegrityCheckThread:97 - End integrity checks thread
2021-11-08 16:27:39,790 [INFO] FileExtend:235 - Unzip File : cube-finder-db.zip
2021-11-08 16:27:39,790 [INFO] FileExtend:250 - Standard Zip Deflate
2021-11-08 16:27:40,666 [INFO] LoadUrlFilesThread:145 - End of LoadUrlFiles Thread
2021-11-08 16:27:41,705 [INFO] ServerAccessManage:362 - Download File crdb.zip
2021-11-08 16:27:43,169 [INFO] FileExtend:235 - Unzip File : crdb.zip
2021-11-08 16:27:43,169 [INFO] FileExtend:250 - Standard Zip Deflate
2021-11-08 16:27:43,360 [INFO] LoadUrlFilesThread:145 - End of LoadUrlFiles Thread
2021-11-08 16:27:45,092 [INFO] ServerAccessManage:362 - Download File tutoVideoDB.zip
2021-11-08 16:27:45,215 [INFO] FileExtend:235 - Unzip File : tutoVideoDB.zip
2021-11-08 16:27:45,216 [INFO] FileExtend:250 - Standard Zip Deflate
2021-11-08 16:27:45,352 [INFO] LoadUrlFilesThread:145 - End of LoadUrlFiles Thread
2021-11-08 16:27:45,353 [INFO] DbMcusAds:47 - JSON generation date=Thu Sep 30 01:55:09 COT 2021 (1632984909434)
2021-11-08 16:27:45,381 [INFO] DbMcusDocs:143 - JSON generation date=Fri Oct 29 02:56:29 COT 2021 (1635494189)
2021-11-08 16:27:45,418 [INFO] DbMcusXml:100 - Load MCU database from C:\ST\STM32CubeIDE_1.7.0\STM32CubeIDE\plugins\com.st.stm32cube.common.mx_6.3.0.202107141111\\db\/mcu/families.xml
2021-11-08 16:27:46,666 [INFO] DbMcusJson:93 - JSON generation date=Fri Oct 29 02:56:29 COT 2021 (1635494189)
2021-11-08 16:27:47,802 [INFO] DbMcus:175 - Found 1951 MCUs (1903 are supported by CubeMX, 1905 are visible in CubeMX)
2021-11-08 16:27:47,803 [INFO] ApiDb:251 - Load user favorites file C:\Users\VIN/.stm32cubeide/favorites.mcus.txt: 0 item(s)
2021-11-08 16:27:47,803 [INFO] ApiDb:255 - User favorites MCUs=[]
2021-11-08 16:27:47,803 [INFO] DbMcus:187 - Set 0 / 0 favorites MCUs
2021-11-08 16:27:48,570 [INFO] DbMcusDocs:79 - Found 682 MCUs documents
2021-11-08 16:27:48,572 [INFO] ApiDb:276 - Save user favorites file C:\Users\VIN/.stm32cubeide/favorites.mcus.txt: 0 item(s)
2021-11-08 16:27:48,572 [INFO] ApiDb:280 - User favorites MCUs=[]
2021-11-08 16:27:48,573 [INFO] DbMcusXml:100 - Load MCU database from C:\ST\STM32CubeIDE_1.7.0\STM32CubeIDE\plugins\com.st.stm32cube.common.mx_6.3.0.202107141111\\db\/mcu/families.xml
2021-11-08 16:27:49,679 [INFO] DbMcusJson:93 - JSON generation date=Fri Oct 29 02:56:29 COT 2021 (1635494189)
2021-11-08 16:27:50,654 [INFO] DbMcus:175 - Found 1951 MCUs (1903 are supported by CubeMX, 1905 are visible in CubeMX)
2021-11-08 16:27:50,654 [INFO] ApiDb:251 - Load user favorites file C:\Users\VIN/.stm32cubeide/favorites.mcus.txt: 0 item(s)
2021-11-08 16:27:50,655 [INFO] ApiDb:255 - User favorites MCUs=[]
2021-11-08 16:27:50,655 [INFO] DbMcus:187 - Set 0 / 0 favorites MCUs
2021-11-08 16:27:50,665 [INFO] DbBoardsDocs:143 - JSON generation date=Fri Oct 29 02:56:29 COT 2021 (1635494189)
2021-11-08 16:27:50,745 [INFO] DbBoardsPdsc:90 - Found 25 items
2021-11-08 16:27:50,771 [INFO] DbBoardsPdsc:90 - Found 9 items
2021-11-08 16:27:50,796 [INFO] DbBoardsPdsc:90 - Found 33 items
2021-11-08 16:27:50,816 [INFO] DbBoardsPdsc:90 - Found 1 items
2021-11-08 16:27:50,854 [INFO] DbBoardsPdsc:90 - Found 48 items
2021-11-08 16:27:50,881 [INFO] DbBoardsPdsc:90 - Found 43 items
2021-11-08 16:27:50,901 [INFO] DbBoardsPdsc:90 - Found 2 items
2021-11-08 16:27:50,935 [INFO] DbBoardsPdsc:90 - Found 5 items
2021-11-08 16:27:50,959 [WARN] DbBoardsPdsc:254 - Board STM32H7B3I-DK: unknown feature type=Audio, name=, username=Audio stereo codec with Headphone Amp (CS42L51-CNZ), n=1
2021-11-08 16:27:50,959 [WARN] DbBoardsPdsc:254 - Board STM32H735G-DK: unknown feature type=Audio, name=, username=Audio stereo codec with Headphone Amp (WM8994ECS/R), n=1
2021-11-08 16:27:50,961 [WARN] DbBoardsPdsc:254 - Board STM32H7B3I-EVAL: unknown feature type=Audio, name=, username=Multi-Channel Audio Codec (CS42L51-CNZ), n=1
2021-11-08 16:27:50,962 [WARN] DbBoardsPdsc:254 - Board STM32H7B3I-EVAL: unknown feature type=Meter, name=, username=Power-metering and Temperature-monitoring with sigma-delta modulators, n=1
2021-11-08 16:27:50,962 [WARN] DbBoardsPdsc:254 - Board STM32H7B3I-EVAL: unknown feature type=Motor, name=, username=Motor Control, n=1
2021-11-08 16:27:50,963 [WARN] DbBoardsPdsc:254 - Board STM32U575I-EV: unknown feature type=joystick, name=, username=4-direction joystick with selection button, n=1
2021-11-08 16:27:51,046 [INFO] DbBoardsJson:86 - JSON generation date=Fri Oct 29 02:56:29 COT 2021 (1635494189)
2021-11-08 16:27:51,058 [INFO] DbBoards:117 - Found 167 boards (163 are supported by CubeMX)
2021-11-08 16:27:51,063 [INFO] DbBoardsDocs:143 - JSON generation date=Fri Oct 29 02:56:29 COT 2021 (1635494189)
2021-11-08 16:27:51,073 [INFO] DbBoardsDocs:79 - Found 209 boards documents
2021-11-08 16:27:51,076 [WARN] DbBoards:127 - board B-L475E-IOT01A2 has no document id list !
2021-11-08 16:27:51,078 [WARN] DbBoards:127 - board NUCLEO-H743ZI has no document id list !
2021-11-08 16:27:51,082 [WARN] DbBoards:127 - board NUCLEO-WL55JC2 has no document id list !
2021-11-08 16:27:51,082 [WARN] DbBoards:127 - board P-NUCLEO-WB55-Nucleo has no document id list !
2021-11-08 16:27:51,082 [WARN] DbBoards:127 - board P-NUCLEO-WB55-USBDongle has no document id list !
2021-11-08 16:27:51,082 [WARN] DbBoards:127 - board STEVAL-BFA001V1B has no document id list !
2021-11-08 16:27:51,082 [WARN] DbBoards:127 - board STEVAL-BFA001V2B has no document id list !
2021-11-08 16:27:51,082 [WARN] DbBoards:127 - board STEVAL-IDP005V1 has no document id list !
2021-11-08 16:27:51,082 [WARN] DbBoards:127 - board STEVAL-IDP005V2 has no document id list !
2021-11-08 16:27:51,083 [WARN] DbBoards:127 - board STEVAL-MKSBOX1V1 has no document id list !
2021-11-08 16:27:51,083 [WARN] DbBoards:127 - board STEVAL-STWINKT1 has no document id list !
2021-11-08 16:27:51,083 [WARN] DbBoards:127 - board STEVAL-STWINKT1B has no document id list !
2021-11-08 16:27:51,083 [WARN] DbBoards:127 - board STM32439I-EVAL2 has no document id list !
2021-11-08 16:27:51,084 [WARN] DbBoards:127 - board STM32F401C-DISCO has no document id list !
2021-11-08 16:27:51,085 [WARN] DbBoards:127 - board STM32F769I-DISC1 has no document id list !
2021-11-08 16:27:51,086 [WARN] DbBoards:127 - board STM32G474E-EVAL1 has no document id list !
2021-11-08 16:27:51,087 [WARN] DbBoards:127 - board STM32H743I-EVAL2 has no document id list !
2021-11-08 16:27:51,087 [WARN] DbBoards:127 - board STM32H747I-DISC1 has no document id list !
2021-11-08 16:27:51,087 [WARN] DbBoards:127 - board STM32H753I-EVAL2 has no document id list !
2021-11-08 16:27:51,088 [WARN] DbBoards:127 - board STM32L-DISCOVERY has no document id list !
2021-11-08 16:27:51,496 [ERROR] DbBoards:189 - Image file not found for board B-U585I-IOT02A: C:\ST\STM32CubeIDE_1.7.0\STM32CubeIDE\plugins\com.st.stm32cube.common.mx_6.3.0.202107141111\\db\/plugins/mcufinder/images/boards/B-U585I-IOT02A_small.jpg
2021-11-08 16:27:54,862 [INFO] ApiDb:251 - Load user favorites file C:\Users\VIN/.stm32cubeide/favorites.boards.txt: 0 item(s)
2021-11-08 16:27:54,862 [INFO] ApiDb:255 - User favorites Boards=[]
2021-11-08 16:27:54,862 [INFO] DbBoards:206 - Set 0 / 0 favorites Boards
2021-11-08 16:27:54,867 [INFO] DbBoardsDocs:79 - Found 418 boards documents
2021-11-08 16:27:54,868 [INFO] ApiDb:276 - Save user favorites file C:\Users\VIN/.stm32cubeide/favorites.boards.txt: 0 item(s)
2021-11-08 16:27:54,868 [INFO] ApiDb:280 - User favorites Boards=[]
2021-11-08 16:27:54,873 [INFO] DbBoardsPdsc:90 - Found 25 items
2021-11-08 16:27:54,875 [INFO] DbBoardsPdsc:90 - Found 9 items
2021-11-08 16:27:54,879 [INFO] DbBoardsPdsc:90 - Found 33 items
2021-11-08 16:27:54,880 [INFO] DbBoardsPdsc:90 - Found 1 items
2021-11-08 16:27:54,889 [INFO] DbBoardsPdsc:90 - Found 48 items
2021-11-08 16:27:54,898 [INFO] DbBoardsPdsc:90 - Found 43 items
2021-11-08 16:27:54,900 [INFO] DbBoardsPdsc:90 - Found 2 items
2021-11-08 16:27:54,902 [INFO] DbBoardsPdsc:90 - Found 5 items
2021-11-08 16:27:54,905 [WARN] DbBoardsPdsc:254 - Board STM32H7B3I-DK: unknown feature type=Audio, name=, username=Audio stereo codec with Headphone Amp (CS42L51-CNZ), n=1
2021-11-08 16:27:54,906 [WARN] DbBoardsPdsc:254 - Board STM32H735G-DK: unknown feature type=Audio, name=, username=Audio stereo codec with Headphone Amp (WM8994ECS/R), n=1
2021-11-08 16:27:54,908 [WARN] DbBoardsPdsc:254 - Board STM32H7B3I-EVAL: unknown feature type=Audio, name=, username=Multi-Channel Audio Codec (CS42L51-CNZ), n=1
2021-11-08 16:27:54,908 [WARN] DbBoardsPdsc:254 - Board STM32H7B3I-EVAL: unknown feature type=Meter, name=, username=Power-metering and Temperature-monitoring with sigma-delta modulators, n=1
2021-11-08 16:27:54,909 [WARN] DbBoardsPdsc:254 - Board STM32H7B3I-EVAL: unknown feature type=Motor, name=, username=Motor Control, n=1
2021-11-08 16:27:54,909 [WARN] DbBoardsPdsc:254 - Board STM32U575I-EV: unknown feature type=joystick, name=, username=4-direction joystick with selection button, n=1
2021-11-08 16:27:54,938 [INFO] DbBoardsJson:86 - JSON generation date=Fri Oct 29 02:56:29 COT 2021 (1635494189)
2021-11-08 16:27:54,946 [INFO] DbBoards:117 - Found 167 boards (163 are supported by CubeMX)
2021-11-08 16:27:54,946 [WARN] DbBoards:127 - board B-L475E-IOT01A2 has no document id list !
2021-11-08 16:27:54,948 [WARN] DbBoards:127 - board NUCLEO-H743ZI has no document id list !
2021-11-08 16:27:54,948 [WARN] DbBoards:127 - board NUCLEO-WL55JC2 has no document id list !
2021-11-08 16:27:54,948 [WARN] DbBoards:127 - board P-NUCLEO-WB55-Nucleo has no document id list !
2021-11-08 16:27:54,949 [WARN] DbBoards:127 - board P-NUCLEO-WB55-USBDongle has no document id list !
2021-11-08 16:27:54,949 [WARN] DbBoards:127 - board STEVAL-BFA001V1B has no document id list !
2021-11-08 16:27:54,949 [WARN] DbBoards:127 - board STEVAL-BFA001V2B has no document id list !
2021-11-08 16:27:54,949 [WARN] DbBoards:127 - board STEVAL-IDP005V1 has no document id list !
2021-11-08 16:27:54,949 [WARN] DbBoards:127 - board STEVAL-IDP005V2 has no document id list !
2021-11-08 16:27:54,949 [WARN] DbBoards:127 - board STEVAL-MKSBOX1V1 has no document id list !
2021-11-08 16:27:54,949 [WARN] DbBoards:127 - board STEVAL-STWINKT1 has no document id list !
2021-11-08 16:27:54,949 [WARN] DbBoards:127 - board STEVAL-STWINKT1B has no document id list !
2021-11-08 16:27:54,949 [WARN] DbBoards:127 - board STM32439I-EVAL2 has no document id list !
2021-11-08 16:27:54,949 [WARN] DbBoards:127 - board STM32F401C-DISCO has no document id list !
2021-11-08 16:27:54,950 [WARN] DbBoards:127 - board STM32F769I-DISC1 has no document id list !
2021-11-08 16:27:54,950 [WARN] DbBoards:127 - board STM32G474E-EVAL1 has no document id list !
2021-11-08 16:27:54,950 [WARN] DbBoards:127 - board STM32H743I-EVAL2 has no document id list !
2021-11-08 16:27:54,950 [WARN] DbBoards:127 - board STM32H747I-DISC1 has no document id list !
2021-11-08 16:27:54,950 [WARN] DbBoards:127 - board STM32H753I-EVAL2 has no document id list !
2021-11-08 16:27:54,950 [WARN] DbBoards:127 - board STM32L-DISCOVERY has no document id list !
2021-11-08 16:27:55,069 [ERROR] DbBoards:189 - Image file not found for board B-U585I-IOT02A: C:\ST\STM32CubeIDE_1.7.0\STM32CubeIDE\plugins\com.st.stm32cube.common.mx_6.3.0.202107141111\\db\/plugins/mcufinder/images/boards/B-U585I-IOT02A_small.jpg
2021-11-08 16:27:56,618 [INFO] ApiDb:251 - Load user favorites file C:\Users\VIN/.stm32cubeide/favorites.boards.txt: 0 item(s)
2021-11-08 16:27:56,618 [INFO] ApiDb:255 - User favorites Boards=[]
2021-11-08 16:27:56,618 [INFO] DbBoards:206 - Set 0 / 0 favorites Boards
2021-11-08 16:27:56,663 [INFO] LoadUrlFilesThread:172 - End of LoadServerUrlFiles without Thread
2021-11-08 16:27:56,663 [INFO] TargetSelectorAdapter:224 - Refresh data is successful
2021-11-08 16:27:56,956 [INFO] ApiDb:479 - Connected to CubeFinder SQLite database (C:\Users\VIN\.stmcufinder\plugins\mcufinder\mcu\cube-finder-db.db)
2021-11-08 16:27:58,108 [INFO] DbExamplesSqlite:411 - Ignored 16 examples not supported by CubeIDE
2021-11-08 16:27:58,109 [INFO] DbExamplesSqlite:412 - Found 5811 examples active
2021-11-08 16:27:58,109 [INFO] DbExamplesSqlite:413 - Found 0 examples obsolete
2021-11-08 16:27:58,109 [INFO] DbExamplesSqlite:414 - Found 0 examples under development
2021-11-08 16:27:58,109 [INFO] DbExamplesSqlite:415 - Found 83 examples not building
2021-11-08 16:27:58,137 [INFO] DbExamplesSqlite:108 - CubeFinder database Data Model version=2.1
2021-11-08 16:27:58,137 [INFO] DbExamplesSqlite:109 - CubeFinder database Configuration version=3.0.14
2021-11-08 16:27:58,137 [INFO] DbExamplesSqlite:110 - CubeFinder database generation date=2021-10-26 (1635247417)
2021-11-08 16:27:58,137 [INFO] DbExamplesSqlite:111 - CubeFinder database FW Pack versions=[STM32Cube_FW_F4_V1.26.2, STM32Cube_FW_F7_V1.16.1, STM32Cube_FW_G0_V1.5.0, STM32Cube_FW_G4_V1.4.0, STM32Cube_FW_H7_V1.9.0, STM32Cube_FW_L5_V1.4.0, STM32Cube_FW_U5_V1.0.2, STM32Cube_FW_WB_V1.12.1, STM32Cube_FW_WL_V1.1.0, X-CUBE-ALS_V1.0.1, X-CUBE-AZRTOS-F4_V1.0.0, X-CUBE-AZRTOS-H7_V2.0.0, X-CUBE-AZRTOS-L4_V1.0.0, X-CUBE-BLE1_V6.2.1, X-CUBE-BLE2_V3.2.1, X-CUBE-EEPRMA1_V3.1.0, X-CUBE-GNSS1_V5.2.0, X-CUBE-NFC4_V2.0.3, X-CUBE-SFXS2LP1_V3.1.0, X-CUBE-SUBG2_V4.2.0]
2021-11-08 16:27:58,138 [INFO] DbExamples:130 - Found 5878 examples
2021-11-08 16:27:58,928 [ERROR] DbExamples:206 - Found 5878 examples with invalid data (board or MCU)
2021-11-08 16:27:58,929 [INFO] DbExamples:222 - Found 74 boards with related examples
2021-11-08 16:27:58,929 [INFO] DbExamples:235 - Found 0 MCUs with related examples
2021-11-08 16:27:58,959 [INFO] ApiDb:242 - User favorites file not found: C:\Users\VIN/.stm32cubeide/favorites.examples.txt
2021-11-08 16:27:58,959 [INFO] DbExamples:256 - Set 0 / 0 favorites Examples
2021-11-08 16:27:59,818 [INFO] McuFinderGlobals:52 - Set McuFinderConnectedMode to false
2021-11-08 16:28:00,146 [INFO] CrossSelectorPresenter:1330 - Cross Selector saved comparison directory: C:\Users\VIN\.stmcufinder\plugins\mcufinder\mcu\cs_comparisons_mx
2021-11-08 16:28:00,191 [INFO] MultiScanPanel:197 - Auto-refresh data requested => check proxy status ongoing
2021-11-08 16:28:00,191 [INFO] MultiScanPanel:201 - Proxy status is invalid
2021-11-08 16:28:00,194 [INFO] FinderPluginLoader:87 - Searching for filters in installed packs
2021-11-08 16:28:01,176 [INFO] DetailPanel:309 - Set advertising image to C:/Users/VIN/STM32Cube/Repository/\en.Prom_NBSTM32U50921.jpg
2021-11-08 16:32:18,910 [INFO] MainUpdater:2671 - connection check result : 10
2021-11-08 16:32:18,911 [INFO] MainUpdater:2671 - connection check result : 10
2021-11-08 16:32:19,050 [INFO] MicroXplorer:448 - Change Database Path : 
2021-11-08 16:32:19,050 [INFO] MicroXplorer:478 - Change Database Version : DB.6.0.30
2021-11-08 16:32:19,050 [WARN] ThirdParty:813 - waiting for thirdparty lock release [close project]
2021-11-08 16:32:19,051 [INFO] ThirdParty:815 - entering critical section [close project]
2021-11-08 16:32:19,052 [INFO] ThirdParty:825 - exiting critical section [close project]
2021-11-08 16:32:19,059 [INFO] PinOutPanel:1463 - setPackage(No Configuration,No Configuration)
2021-11-08 16:32:19,060 [INFO] UtilMem:74 - Begin LoadConfig() Used Memory: 423616088 Bytes (840957952)
2021-11-08 16:32:19,061 [INFO] MicroXplorer:448 - Change Database Path : 
2021-11-08 16:32:19,061 [INFO] MicroXplorer:478 - Change Database Version : DB.6.0.30
2021-11-08 16:32:19,061 [INFO] OpenFileManager:313 - Change cursor
2021-11-08 16:32:19,125 [WARN] IntegrityCheckThread:78 - waiting for thirdparty lock release [integrity check]
2021-11-08 16:32:19,126 [INFO] IntegrityCheckThread:80 - entering critical section [integrity check]
2021-11-08 16:32:19,330 [WARN] PackLoader:238 - Cannot read IP mode file for STMicroelectronics.X-CUBE-BLE1.6.2.1
2021-11-08 16:32:19,336 [WARN] PackLoader:238 - Cannot read IP mode file for STMicroelectronics.X-CUBE-BLE1.6.2.2
2021-11-08 16:32:19,362 [WARN] PackLoader:238 - Cannot read IP mode file for STMicroelectronics.X-CUBE-BLE2.3.2.2
2021-11-08 16:32:19,394 [WARN] PackLoader:238 - Cannot read IP mode file for STMicroelectronics.X-CUBE-NFC4.2.0.3
2021-11-08 16:32:19,421 [WARN] PackLoader:238 - Cannot read IP mode file for wolfSSL.I-CUBE-wolfSSL.4.8.0
2021-11-08 16:32:19,470 [WARN] PackLoader:238 - Cannot read IP mode file for STMicroelectronics.X-CUBE-SFXS2LP1.3.1.0
2021-11-08 16:32:19,548 [WARN] PackLoader:238 - Cannot read IP mode file for STMicroelectronics.X-CUBE-AZRTOS-F4.1.0.0
2021-11-08 16:32:19,584 [WARN] PackLoader:238 - Cannot read IP mode file for STMicroelectronics.X-CUBE-TOF1.2.0.0
2021-11-08 16:32:19,629 [WARN] PackLoader:238 - Cannot read IP mode file for STMicroelectronics.X-CUBE-SUBG2.4.2.0
2021-11-08 16:32:19,664 [WARN] PackLoader:238 - Cannot read IP mode file for STMicroelectronics.X-CUBE-ALGOBUILD.1.2.1
2021-11-08 16:32:19,694 [WARN] PackLoader:238 - Cannot read IP mode file for STMicroelectronics.X-CUBE-TOUCHGFX.4.18.0
2021-11-08 16:32:19,725 [WARN] PackLoader:238 - Cannot read IP mode file for RoweBots.I-CUBE-UNISONRTOS.5.5.0-4
2021-11-08 16:32:19,807 [WARN] PackLoader:238 - Cannot read IP mode file for SEGGER.I-CUBE-embOS.1.2.0
2021-11-08 16:32:19,919 [WARN] PackLoader:238 - Cannot read IP mode file for STMicroelectronics.X-CUBE-AZRTOS-H7.2.0.0
2021-11-08 16:32:19,983 [WARN] PackLoader:238 - Cannot read IP mode file for STMicroelectronics.X-CUBE-AZRTOS-L4.1.0.0
2021-11-08 16:32:20,070 [WARN] PackLoader:238 - Cannot read IP mode file for STMicroelectronics.X-CUBE-MEMS1.9.1.0
2021-11-08 16:32:20,354 [WARN] PackLoader:238 - Cannot read IP mode file for STMicroelectronics.X-CUBE-ALS.1.0.1
2021-11-08 16:32:20,374 [WARN] PackLoader:238 - Cannot read IP mode file for STMicroelectronics.X-CUBE-AI.7.0.0
2021-11-08 16:32:20,402 [WARN] PackLoader:238 - Cannot read IP mode file for STMicroelectronics.X-CUBE-EEPRMA1.3.1.0
2021-11-08 16:32:20,429 [WARN] PackLoader:238 - Cannot read IP mode file for STMicroelectronics.X-CUBE-GNSS1.5.2.0
2021-11-08 16:32:20,458 [WARN] PackLoader:238 - Cannot read IP mode file for STMicroelectronics.X-CUBE-DISPLAY.2.0.0
2021-11-08 16:32:20,460 [INFO] ThirdParty:915 - Integrity check success = true
2021-11-08 16:32:20,460 [INFO] IntegrityCheckThread:94 - exiting critical section [integrity check]
2021-11-08 16:32:20,460 [INFO] IntegrityCheckThread:97 - End integrity checks thread
2021-11-08 16:32:23,518 [INFO] Context:592 - Trying to add GPIOservice into a context  which must be forbidden
2021-11-08 16:32:24,110 [INFO] ImportTextPane:167 - (OptionalMessage_ERROR) Unable to find key (Mcu.ThirdPartyNb) in loaded IOC file
2021-11-08 16:32:24,110 [INFO] ImportTextPane:167 - (OptionalMessage_ERROR) Unable to find key (Mcu.PinsNb) in loaded IOC file
2021-11-08 16:32:24,110 [INFO] ImportTextPane:167 - (OptionalMessage_ERROR) Unable to find key (Mcu.IPNb) in loaded IOC file
2021-11-08 16:32:24,214 [WARN] ApiManager:304 - Cannot register API 'Board Extension:S2868A1' from pack STMicroelectronics.X-CUBE-SFXS2LP1.3.1.0: no header file found
2021-11-08 16:32:24,214 [WARN] ApiManager:304 - Cannot register API 'Board Extension:S2868A2' from pack STMicroelectronics.X-CUBE-SFXS2LP1.3.1.0: no header file found
2021-11-08 16:32:24,214 [WARN] ApiManager:304 - Cannot register API 'Board Extension:S2915A1' from pack STMicroelectronics.X-CUBE-SFXS2LP1.3.1.0: no header file found
2021-11-08 16:32:24,239 [WARN] ModelIntegratedComponent:60 - No mode defined for component null
2021-11-08 16:32:24,239 [WARN] ModelIntegratedComponent:60 - No mode defined for component null
2021-11-08 16:32:24,239 [WARN] ModelIntegratedComponent:60 - No mode defined for component null
2021-11-08 16:32:24,239 [WARN] ModelIntegratedComponent:60 - No mode defined for component null
2021-11-08 16:32:24,239 [WARN] ModelIntegratedComponent:60 - No mode defined for component null
2021-11-08 16:32:24,239 [WARN] ModelIntegratedComponent:60 - No mode defined for component null
2021-11-08 16:32:24,239 [WARN] ModelIntegratedComponent:60 - No mode defined for component null
2021-11-08 16:32:24,240 [WARN] ModelIntegratedComponent:60 - No mode defined for component null
2021-11-08 16:32:24,240 [WARN] ModelIntegratedComponent:60 - No mode defined for component null
2021-11-08 16:32:24,240 [WARN] ModelIntegratedComponent:60 - No mode defined for component null
2021-11-08 16:32:24,240 [WARN] ModelIntegratedComponent:60 - No mode defined for component null
2021-11-08 16:32:24,240 [WARN] ModelIntegratedComponent:60 - No mode defined for component null
2021-11-08 16:32:24,240 [WARN] ModelIntegratedComponent:60 - No mode defined for component null
2021-11-08 16:32:24,240 [WARN] ModelIntegratedComponent:60 - No mode defined for component null
2021-11-08 16:32:24,240 [WARN] ModelIntegratedComponent:60 - No mode defined for component null
2021-11-08 16:32:24,241 [WARN] ModelIntegratedComponent:60 - No mode defined for component null
2021-11-08 16:32:24,241 [WARN] ModelIntegratedComponent:60 - No mode defined for component null
2021-11-08 16:32:24,241 [WARN] ModelIntegratedComponent:60 - No mode defined for component null
2021-11-08 16:32:24,241 [WARN] ModelIntegratedComponent:60 - No mode defined for component null
2021-11-08 16:32:24,241 [WARN] ModelIntegratedComponent:60 - No mode defined for component null
2021-11-08 16:32:24,241 [WARN] ModelIntegratedComponent:60 - No mode defined for component null
2021-11-08 16:32:24,241 [WARN] ModelIntegratedComponent:60 - No mode defined for component null
2021-11-08 16:32:24,241 [WARN] ModelIntegratedComponent:60 - No mode defined for component null
2021-11-08 16:32:24,241 [WARN] ModelIntegratedComponent:60 - No mode defined for component null
2021-11-08 16:32:24,242 [WARN] ModelIntegratedComponent:60 - No mode defined for component null
2021-11-08 16:32:24,242 [WARN] ModelIntegratedComponent:60 - No mode defined for component null
2021-11-08 16:32:24,242 [WARN] ModelIntegratedComponent:60 - No mode defined for component null
2021-11-08 16:32:24,242 [WARN] ModelIntegratedComponent:60 - No mode defined for component null
2021-11-08 16:32:24,242 [WARN] ModelIntegratedComponent:60 - No mode defined for component null
2021-11-08 16:32:24,242 [WARN] ModelIntegratedComponent:60 - No mode defined for component null
2021-11-08 16:32:24,242 [WARN] ModelIntegratedComponent:60 - No mode defined for component null
2021-11-08 16:32:24,250 [WARN] ApiManager:304 - Cannot register API 'Board Extension:S2868A1' from pack STMicroelectronics.X-CUBE-SUBG2.4.2.0: no header file found
2021-11-08 16:32:24,250 [WARN] ApiManager:304 - Cannot register API 'Board Extension:S2868A2' from pack STMicroelectronics.X-CUBE-SUBG2.4.2.0: no header file found
2021-11-08 16:32:24,251 [WARN] ApiManager:304 - Cannot register API 'Board Extension:S2915A1' from pack STMicroelectronics.X-CUBE-SUBG2.4.2.0: no header file found
2021-11-08 16:32:24,531 [WARN] ApiManager:304 - Cannot register API 'Board Extension:IKS01A3' from pack STMicroelectronics.X-CUBE-MEMS1.9.1.0: no header file found
2021-11-08 16:32:24,532 [WARN] ApiManager:304 - Cannot register API 'Board Extension:IKS01A2' from pack STMicroelectronics.X-CUBE-MEMS1.9.1.0: no header file found
2021-11-08 16:32:24,532 [WARN] ApiManager:304 - Cannot register API 'Board Extension:IKS02A1' from pack STMicroelectronics.X-CUBE-MEMS1.9.1.0: no header file found
2021-11-08 16:32:24,550 [INFO] RtosManager:484 - Registered RTOS mode: class=CMSIS, group=RTOS, mode=CMSIS_V1, owner=FREERTOS
2021-11-08 16:32:24,550 [INFO] RtosManager:484 - Registered RTOS mode: class=CMSIS, group=RTOS2, mode=CMSIS_V2, owner=FREERTOS
2021-11-08 16:32:24,551 [INFO] RtosManager:484 - Registered RTOS mode: class=RTOS, group=Core, mode=CMSIS_V1, owner=FREERTOS
2021-11-08 16:32:24,551 [INFO] RtosManager:484 - Registered RTOS mode: class=RTOS, group=Core, mode=CMSIS_V2, owner=FREERTOS
2021-11-08 16:32:24,551 [WARN] ModelIntegratedComponent:181 - Missing modes for component STMicroelectronics:FreeRTOS:0.0.1:STMicroelectronics:RTOS:FreeRTOS:Core:::10.2.0:
2021-11-08 16:32:24,564 [WARN] ApiManager:304 - Cannot register API 'Board Extension:EEPRMA1' from pack STMicroelectronics.X-CUBE-EEPRMA1.3.1.0: no header file found
2021-11-08 16:32:24,564 [WARN] ApiManager:304 - Cannot register API 'Board Extension:EEPRMA2' from pack STMicroelectronics.X-CUBE-EEPRMA1.3.1.0: no header file found
2021-11-08 16:32:24,565 [WARN] ApiManager:304 - Cannot register API 'Board Extension:GNSS1A1' from pack STMicroelectronics.X-CUBE-GNSS1.5.2.0: no header file found
2021-11-08 16:32:24,565 [WARN] ApiManager:304 - Cannot register API 'Board Support:Custom' from pack STMicroelectronics.X-CUBE-GNSS1.5.2.0: no header file found
2021-11-08 16:32:24,565 [WARN] ApiManager:304 - Cannot register API 'Data Exchange:lib_gnss' from pack STMicroelectronics.X-CUBE-GNSS1.5.2.0: no header file found
2021-11-08 16:32:24,567 [WARN] ApiManager:304 - Cannot register API 'Wireless:BlueNRG-MS' from pack STMicroelectronics.X-CUBE-BLE1.6.2.1: no header file found
2021-11-08 16:32:24,567 [WARN] ApiManager:304 - Cannot register API 'Wireless:BlueNRG-MS' from pack STMicroelectronics.X-CUBE-BLE1.6.2.2: no header file found
2021-11-08 16:32:24,568 [WARN] ApiManager:304 - Cannot register API 'Wireless:BlueNRG-2' from pack STMicroelectronics.X-CUBE-BLE2.3.2.2: no header file found
2021-11-08 16:32:24,571 [WARN] ApiManager:304 - Cannot register API 'Board Extension:NFC04A1' from pack STMicroelectronics.X-CUBE-NFC4.2.0.3: no header file found
2021-11-08 16:32:25,774 [INFO] UtilMem:74 - End LoadConfig() Used Memory: 426772704 Bytes (840957952)
2021-11-08 16:32:25,834 [WARN] ThirdParty:779 - waiting for thirdparty lock release [change project]
2021-11-08 16:32:25,834 [INFO] ThirdParty:781 - entering critical section [change project]
2021-11-08 16:32:25,834 [INFO] ThirdParty:967 - CMSIS Pack Vendor :STMicroelectronics X-CUBE-SFXS2LP1 3.1.0
2021-11-08 16:32:25,835 [INFO] ThirdParty:967 - CMSIS Pack Vendor :RoweBots I-CUBE-UNISONRTOS 5.5.0-4
2021-11-08 16:32:25,835 [INFO] ThirdParty:967 - CMSIS Pack Vendor :STMicroelectronics X-CUBE-AZRTOS-F4 1.0.0
2021-11-08 16:32:25,835 [INFO] ThirdParty:967 - CMSIS Pack Vendor :STMicroelectronics USB_HOST 2.0.0
2021-11-08 16:32:25,835 [INFO] ThirdParty:967 - CMSIS Pack Vendor :STMicroelectronics X-CUBE-AZRTOS-H7 2.0.0
2021-11-08 16:32:25,835 [INFO] ThirdParty:967 - CMSIS Pack Vendor :STMicroelectronics X-CUBE-AZRTOS-L4 1.0.0
2021-11-08 16:32:25,835 [INFO] ThirdParty:967 - CMSIS Pack Vendor :STMicroelectronics USB_DEVICE 3.0.0
2021-11-08 16:32:25,835 [INFO] ThirdParty:967 - CMSIS Pack Vendor :STMicroelectronics X-CUBE-TOF1 2.0.0
2021-11-08 16:32:25,835 [INFO] ThirdParty:967 - CMSIS Pack Vendor :STMicroelectronics HAL Drivers 0.0.0
2021-11-08 16:32:25,835 [INFO] ThirdParty:967 - CMSIS Pack Vendor :STMicroelectronics MBEDTLS 2.16.2
2021-11-08 16:32:25,835 [INFO] ThirdParty:967 - CMSIS Pack Vendor :STMicroelectronics MBEDTLS 2.14.1
2021-11-08 16:32:25,836 [INFO] ThirdParty:967 - CMSIS Pack Vendor :STMicroelectronics X-CUBE-SUBG2 4.2.0
2021-11-08 16:32:25,836 [INFO] ThirdParty:967 - CMSIS Pack Vendor :STMicroelectronics X-CUBE-MEMS1 9.1.0
2021-11-08 16:32:25,836 [INFO] ThirdParty:967 - CMSIS Pack Vendor :STMicroelectronics X-CUBE-ALS 1.0.1
2021-11-08 16:32:25,836 [INFO] ThirdParty:967 - CMSIS Pack Vendor :STMicroelectronics USB_DEVICE 2.0.0
2021-11-08 16:32:25,836 [INFO] ThirdParty:967 - CMSIS Pack Vendor :STMicroelectronics X-CUBE-AI 7.0.0
2021-11-08 16:32:25,836 [INFO] ThirdParty:967 - CMSIS Pack Vendor :STMicroelectronics X-CUBE-ALGOBUILD 1.2.1
2021-11-08 16:32:25,836 [INFO] ThirdParty:967 - CMSIS Pack Vendor :STMicroelectronics FreeRTOS 0.0.1
2021-11-08 16:32:25,836 [INFO] ThirdParty:967 - CMSIS Pack Vendor :STMicroelectronics USB_DEVICE 1.0.0
2021-11-08 16:32:25,836 [INFO] ThirdParty:967 - CMSIS Pack Vendor :SEGGER I-CUBE-embOS 1.2.0
2021-11-08 16:32:25,836 [INFO] ThirdParty:967 - CMSIS Pack Vendor :STMicroelectronics X-CUBE-EEPRMA1 3.1.0
2021-11-08 16:32:25,837 [INFO] ThirdParty:967 - CMSIS Pack Vendor :STMicroelectronics X-CUBE-GNSS1 5.2.0
2021-11-08 16:32:25,837 [INFO] ThirdParty:967 - CMSIS Pack Vendor :STMicroelectronics ThreadX 0.0.2
2021-11-08 16:32:25,837 [INFO] ThirdParty:967 - CMSIS Pack Vendor :STMicroelectronics lwIP 2.0.3
2021-11-08 16:32:25,837 [INFO] ThirdParty:967 - CMSIS Pack Vendor :STMicroelectronics lwIP 2.1.2
2021-11-08 16:32:25,837 [INFO] ThirdParty:967 - CMSIS Pack Vendor :STMicroelectronics X-CUBE-BLE1 6.2.1
2021-11-08 16:32:25,837 [INFO] ThirdParty:967 - CMSIS Pack Vendor :STMicroelectronics X-CUBE-BLE1 6.2.2
2021-11-08 16:32:25,837 [INFO] ThirdParty:967 - CMSIS Pack Vendor :STMicroelectronics X-CUBE-BLE2 3.2.2
2021-11-08 16:32:25,837 [INFO] ThirdParty:967 - CMSIS Pack Vendor :STMicroelectronics X-CUBE-DISPLAY 2.0.0
2021-11-08 16:32:25,837 [INFO] ThirdParty:967 - CMSIS Pack Vendor :STMicroelectronics USB_HOST 1.0.0
2021-11-08 16:32:25,837 [INFO] ThirdParty:967 - CMSIS Pack Vendor :STMicroelectronics X-CUBE-NFC4 2.0.3
2021-11-08 16:32:25,837 [INFO] ThirdParty:967 - CMSIS Pack Vendor :wolfSSL I-CUBE-wolfSSL 4.8.0
2021-11-08 16:32:25,838 [INFO] ThirdParty:967 - CMSIS Pack Vendor :STMicroelectronics PDM2PCM 3.1.0
2021-11-08 16:32:25,838 [INFO] ThirdParty:967 - CMSIS Pack Vendor :STMicroelectronics PDM2PCM 3.2.0
2021-11-08 16:32:25,838 [INFO] ThirdParty:967 - CMSIS Pack Vendor :STMicroelectronics PDM2PCM 3.3.0
2021-11-08 16:32:25,838 [INFO] ThirdParty:967 - CMSIS Pack Vendor :STMicroelectronics X-CUBE-TOUCHGFX 4.18.0
2021-11-08 16:32:25,838 [INFO] ThirdParty:787 - exiting critical section [change project]
2021-11-08 16:32:26,408 [INFO] PinOutPanel:1463 - setPackage(No Configuration,No Configuration)
2021-11-08 16:32:26,409 [INFO] PinOutPanel:1463 - setPackage(STM32F401VDTx,LQFP100)
2021-11-08 16:32:27,281 [INFO] UtilMem:74 - Before build in PCC Used Memory: 300463616 Bytes (840957952)
2021-11-08 16:32:28,753 [INFO] UtilMem:74 - After build in PCC Used Memory: 383301120 Bytes (840957952)
2021-11-08 16:32:28,791 [INFO] IPUIPlugin:74 - create IPUIPlugin
2021-11-08 16:32:28,791 [INFO] IPUIPlugin:74 - create IPUIPlugin
2021-11-08 16:32:28,791 [INFO] IPUIPlugin:74 - create IPUIPlugin
2021-11-08 16:32:28,792 [INFO] IPUIPlugin:74 - create IPUIPlugin
2021-11-08 16:32:28,792 [INFO] IPUIPlugin:74 - create IPUIPlugin
2021-11-08 16:32:28,792 [INFO] IPUIPlugin:74 - create IPUIPlugin
2021-11-08 16:32:28,792 [INFO] IPUIPlugin:74 - create IPUIPlugin
2021-11-08 16:32:28,793 [INFO] IPUIPlugin:74 - create IPUIPlugin
2021-11-08 16:32:28,793 [INFO] IPUIPlugin:74 - create IPUIPlugin
2021-11-08 16:32:28,793 [INFO] IPUIPlugin:74 - create IPUIPlugin
2021-11-08 16:32:28,793 [INFO] IPUIPlugin:74 - create IPUIPlugin
2021-11-08 16:32:28,794 [INFO] IPUIPlugin:74 - create IPUIPlugin
2021-11-08 16:32:28,794 [INFO] IPUIPlugin:74 - create IPUIPlugin
2021-11-08 16:32:28,795 [INFO] IPUIPlugin:74 - create IPUIPlugin
2021-11-08 16:32:28,795 [INFO] IPUIPlugin:74 - create IPUIPlugin
2021-11-08 16:32:28,795 [INFO] IPUIPlugin:74 - create IPUIPlugin
2021-11-08 16:32:28,796 [INFO] IPUIPlugin:74 - create IPUIPlugin
2021-11-08 16:32:28,796 [INFO] IPUIPlugin:74 - create IPUIPlugin
2021-11-08 16:32:28,797 [INFO] IPUIPlugin:74 - create IPUIPlugin
2021-11-08 16:32:28,797 [INFO] IPUIPlugin:74 - create IPUIPlugin
2021-11-08 16:32:28,797 [INFO] IPUIPlugin:74 - create IPUIPlugin
2021-11-08 16:32:28,798 [INFO] IPUIPlugin:74 - create IPUIPlugin
2021-11-08 16:32:28,798 [INFO] IPUIPlugin:74 - create IPUIPlugin
2021-11-08 16:32:28,799 [INFO] IPUIPlugin:74 - create IPUIPlugin
2021-11-08 16:32:28,799 [INFO] IPUIPlugin:74 - create IPUIPlugin
2021-11-08 16:32:28,800 [INFO] IPUIPlugin:74 - create IPUIPlugin
2021-11-08 16:32:28,800 [INFO] IPUIPlugin:74 - create IPUIPlugin
2021-11-08 16:32:28,801 [INFO] IPUIPlugin:74 - create IPUIPlugin
2021-11-08 16:32:28,801 [INFO] IPUIPlugin:74 - create IPUIPlugin
2021-11-08 16:32:28,802 [INFO] IPUIPlugin:74 - create IPUIPlugin
2021-11-08 16:32:28,802 [INFO] IPUIPlugin:74 - create IPUIPlugin
2021-11-08 16:32:28,803 [INFO] IPUIPlugin:74 - create IPUIPlugin
2021-11-08 16:32:28,804 [INFO] IPUIPlugin:74 - create IPUIPlugin
2021-11-08 16:32:28,804 [INFO] IPUIPlugin:74 - create IPUIPlugin
2021-11-08 16:32:28,805 [INFO] IPUIPlugin:74 - create IPUIPlugin
2021-11-08 16:32:28,806 [INFO] IPUIPlugin:74 - create IPUIPlugin
2021-11-08 16:32:28,807 [INFO] IPUIPlugin:74 - create IPUIPlugin
2021-11-08 16:32:28,808 [INFO] IPUIPlugin:74 - create IPUIPlugin
2021-11-08 16:32:28,809 [INFO] IPUIPlugin:74 - create IPUIPlugin
2021-11-08 16:32:28,990 [INFO] ApiDbMcu:468 - Load IP Config File for PDM2PCM
2021-11-08 16:32:29,362 [INFO] OpenFileManager:333 - Restore cursor
2021-11-08 16:32:29,997 [INFO] UtilMem:74 - End SaveConfig() Used Memory: 483964416 Bytes (840957952)
2021-11-08 16:32:30,070 [INFO] UtilMem:74 - End SaveConfig() Used Memory: 502838784 Bytes (840957952)
2021-11-08 16:32:30,530 [INFO] BlockDiagram:2740 - set Specific Code input for plugin: NVIC
2021-11-08 16:32:30,531 [INFO] BlockDiagram:2740 - set Specific Code input for plugin: SYS
2021-11-08 16:32:30,531 [INFO] BlockDiagram:2740 - set Specific Code input for plugin: RCC
2021-11-08 16:32:30,532 [INFO] CodeGenerator:663 - code generatio: config db path: C:\ST\STM32CubeIDE_1.7.0\STM32CubeIDE\plugins\com.st.stm32cube.common.mx_6.3.0.202107141111\\db\
2021-11-08 16:32:31,162 [INFO] CodeEngine:239 - oldGeneratedFile, D:\LD\0_cese\pdm\practica1\MXTmpFiles\license.tmp_save
2021-11-08 16:32:31,988 [INFO] CodeEngine:257 - Generated code: D:\LD\0_cese\pdm\practica1\MXTmpFiles\license.tmp
2021-11-08 16:32:32,355 [INFO] CodeEngine:239 - oldGeneratedFile, D:\LD\0_cese\pdm\practica1\Core\Src\stm32f4xx_it.c_save
2021-11-08 16:32:32,533 [INFO] CodeEngine:257 - Generated code: D:\LD\0_cese\pdm\practica1\Core\Src\stm32f4xx_it.c
2021-11-08 16:32:32,587 [INFO] CodeEngine:239 - oldGeneratedFile, D:\LD\0_cese\pdm\practica1\Core\Inc\stm32f4xx_it.h_save
2021-11-08 16:32:32,702 [INFO] CodeEngine:257 - Generated code: D:\LD\0_cese\pdm\practica1\Core\Inc\stm32f4xx_it.h
2021-11-08 16:32:32,744 [INFO] CodeEngine:239 - oldGeneratedFile, D:\LD\0_cese\pdm\practica1\Core\Src\stm32f4xx_hal_msp.c_save
2021-11-08 16:32:32,900 [INFO] CodeEngine:257 - Generated code: D:\LD\0_cese\pdm\practica1\Core\Src\stm32f4xx_hal_msp.c
2021-11-08 16:32:32,965 [INFO] CodeEngine:239 - oldGeneratedFile, D:\LD\0_cese\pdm\practica1\MXTmpFiles\system.tmp_save
2021-11-08 16:32:33,048 [INFO] CodeEngine:257 - Generated code: D:\LD\0_cese\pdm\practica1\MXTmpFiles\system.tmp
2021-11-08 16:32:33,144 [INFO] CodeEngine:239 - oldGeneratedFile, D:\LD\0_cese\pdm\practica1\Core\Inc\stm32f4xx_hal_conf.h_save
2021-11-08 16:32:33,280 [INFO] CodeEngine:257 - Generated code: D:\LD\0_cese\pdm\practica1\Core\Inc\stm32f4xx_hal_conf.h
2021-11-08 16:32:33,505 [INFO] CodeEngine:239 - oldGeneratedFile, D:\LD\0_cese\pdm\practica1\Core\Inc\main.h_save
2021-11-08 16:32:33,629 [INFO] CodeEngine:257 - Generated code: D:\LD\0_cese\pdm\practica1\Core\Inc\main.h
2021-11-08 16:32:33,670 [INFO] CodeEngine:239 - oldGeneratedFile, D:\LD\0_cese\pdm\practica1\Core\Src\main.c_save
2021-11-08 16:32:33,864 [INFO] CodeEngine:257 - Generated code: D:\LD\0_cese\pdm\practica1\Core\Src\main.c
2021-11-08 16:32:36,520 [INFO] ProjectBuilder:2578 - Time for Copy HAL[1] : 1528mS.
2021-11-08 16:32:36,529 [INFO] ProjectBuilder:3622 - Project Generator version: 3.14.1
2021-11-08 16:32:37,487 [INFO] ConfigFileManager:1271 - The Die is : DIE433
2021-11-08 16:32:37,576 [INFO] ApiDbMcu:468 - Load IP Config File for FATFS
2021-11-08 16:32:37,655 [INFO] ApiDbMcu:468 - Load IP Config File for FREERTOS
2021-11-08 16:32:37,689 [INFO] ApiDbMcu:468 - Load IP Config File for LIBJPEG
2021-11-08 16:32:37,849 [INFO] ApiDbMcu:468 - Load IP Config File for MBEDTLS
2021-11-08 16:32:37,964 [INFO] ApiDbMcu:468 - Load IP Config File for USB_DEVICE
2021-11-08 16:32:38,021 [INFO] ApiDbMcu:468 - Load IP Config File for USB_HOST
2021-11-08 16:32:47,401 [INFO] ProjectBuilder:3789 - Time for Generating toolchain IDE Files: 10872mS.
2021-11-08 16:32:47,402 [INFO] ProjectBuilder:2457 - Time for Copy CMSIS : 0mS.
2021-11-08 16:32:47,405 [INFO] ProjectBuilder:2457 - Time for Copy CMSIS : 0mS.
2021-11-08 16:32:48,269 [INFO] McuFinderGlobals:52 - Set McuFinderConnectedMode to true
2021-11-08 16:32:48,271 [INFO] ApiDb:276 - Save user favorites file C:\Users\VIN/.stm32cubeide/favorites.mcus.txt: 0 item(s)
2021-11-08 16:32:48,272 [INFO] ApiDb:280 - User favorites MCUs=[]
